<?xml version="1.0" encoding="UTF-8"?>
<testsuite xmlns:xsi="http://www.w3.org/2001/XMLSchema-instance" xsi:noNamespaceSchemaLocation="https://maven.apache.org/surefire/maven-surefire-plugin/xsd/surefire-test-report.xsd" name="com.maxjonata.AppTest" time="0.021" tests="1" errors="0" skipped="0" failures="0">
  <properties>
    <property name="java.specification.version" value="17"/>
    <property name="sun.cpu.isalist" value="amd64"/>
    <property name="sun.jnu.encoding" value="Cp1252"/>
    <property name="java.class.path" value="C:\Users\jonh_\code\FinchTest\RPA-by-Java\target\test-classes;C:\Users\jonh_\code\FinchTest\RPA-by-Java\target\classes;C:\Users\jonh_\.m2\repository\net\sourceforge\htmlunit\htmlunit\2.59.0\htmlunit-2.59.0.jar;C:\Users\jonh_\.m2\repository\xalan\xalan\2.7.2\xalan-2.7.2.jar;C:\Users\jonh_\.m2\repository\xalan\serializer\2.7.2\serializer-2.7.2.jar;C:\Users\jonh_\.m2\repository\org\apache\httpcomponents\httpmime\4.5.13\httpmime-4.5.13.jar;C:\Users\jonh_\.m2\repository\org\apache\httpcomponents\httpclient\4.5.13\httpclient-4.5.13.jar;C:\Users\jonh_\.m2\repository\org\apache\httpcomponents\httpcore\4.4.13\httpcore-4.4.13.jar;C:\Users\jonh_\.m2\repository\net\sourceforge\htmlunit\htmlunit-core-js\2.59.0\htmlunit-core-js-2.59.0.jar;C:\Users\jonh_\.m2\repository\net\sourceforge\htmlunit\neko-htmlunit\2.59.0\neko-htmlunit-2.59.0.jar;C:\Users\jonh_\.m2\repository\xerces\xercesImpl\2.12.2\xercesImpl-2.12.2.jar;C:\Users\jonh_\.m2\repository\xml-apis\xml-apis\1.4.01\xml-apis-1.4.01.jar;C:\Users\jonh_\.m2\repository\net\sourceforge\htmlunit\htmlunit-cssparser\1.11.0\htmlunit-cssparser-1.11.0.jar;C:\Users\jonh_\.m2\repository\org\apache\commons\commons-lang3\3.12.0\commons-lang3-3.12.0.jar;C:\Users\jonh_\.m2\repository\org\apache\commons\commons-text\1.9\commons-text-1.9.jar;C:\Users\jonh_\.m2\repository\commons-io\commons-io\2.10.0\commons-io-2.10.0.jar;C:\Users\jonh_\.m2\repository\commons-logging\commons-logging\1.2\commons-logging-1.2.jar;C:\Users\jonh_\.m2\repository\commons-net\commons-net\3.8.0\commons-net-3.8.0.jar;C:\Users\jonh_\.m2\repository\commons-codec\commons-codec\1.15\commons-codec-1.15.jar;C:\Users\jonh_\.m2\repository\org\brotli\dec\0.1.2\dec-0.1.2.jar;C:\Users\jonh_\.m2\repository\com\shapesecurity\salvation2\3.0.0\salvation2-3.0.0.jar;C:\Users\jonh_\.m2\repository\org\eclipse\jetty\websocket\websocket-client\9.4.45.v20220203\websocket-client-9.4.45.v20220203.jar;C:\Users\jonh_\.m2\repository\org\eclipse\jetty\jetty-client\9.4.45.v20220203\jetty-client-9.4.45.v20220203.jar;C:\Users\jonh_\.m2\repository\org\eclipse\jetty\jetty-http\9.4.45.v20220203\jetty-http-9.4.45.v20220203.jar;C:\Users\jonh_\.m2\repository\org\eclipse\jetty\jetty-util\9.4.45.v20220203\jetty-util-9.4.45.v20220203.jar;C:\Users\jonh_\.m2\repository\org\eclipse\jetty\jetty-io\9.4.45.v20220203\jetty-io-9.4.45.v20220203.jar;C:\Users\jonh_\.m2\repository\org\eclipse\jetty\websocket\websocket-common\9.4.45.v20220203\websocket-common-9.4.45.v20220203.jar;C:\Users\jonh_\.m2\repository\org\eclipse\jetty\websocket\websocket-api\9.4.45.v20220203\websocket-api-9.4.45.v20220203.jar;C:\Users\jonh_\.m2\repository\junit\junit\4.11\junit-4.11.jar;C:\Users\jonh_\.m2\repository\org\hamcrest\hamcrest-core\1.3\hamcrest-core-1.3.jar;"/>
    <property name="java.vm.vendor" value="Oracle Corporation"/>
    <property name="sun.arch.data.model" value="64"/>
    <property name="user.variant" value=""/>
    <property name="java.vendor.url" value="https://java.oracle.com/"/>
    <property name="user.timezone" value="America/Sao_Paulo"/>
    <property name="os.name" value="Windows 11"/>
    <property name="java.vm.specification.version" value="17"/>
    <property name="sun.java.launcher" value="SUN_STANDARD"/>
    <property name="user.country" value="BR"/>
    <property name="sun.boot.library.path" value="C:\Program Files\Java\jdk-17.0.2\bin"/>
    <property name="sun.java.command" value="C:\Users\jonh_\AppData\Local\Temp\surefire3717905596601667965\surefirebooter8018342712942944411.jar C:\Users\jonh_\AppData\Local\Temp\surefire3717905596601667965 2022-03-16T00-57-06_975-jvmRun1 surefire9847457071375409094tmp surefire_016215268914231036239tmp"/>
    <property name="jdk.debug" value="release"/>
    <property name="surefire.test.class.path" value="C:\Users\jonh_\code\FinchTest\RPA-by-Java\target\test-classes;C:\Users\jonh_\code\FinchTest\RPA-by-Java\target\classes;C:\Users\jonh_\.m2\repository\net\sourceforge\htmlunit\htmlunit\2.59.0\htmlunit-2.59.0.jar;C:\Users\jonh_\.m2\repository\xalan\xalan\2.7.2\xalan-2.7.2.jar;C:\Users\jonh_\.m2\repository\xalan\serializer\2.7.2\serializer-2.7.2.jar;C:\Users\jonh_\.m2\repository\org\apache\httpcomponents\httpmime\4.5.13\httpmime-4.5.13.jar;C:\Users\jonh_\.m2\repository\org\apache\httpcomponents\httpclient\4.5.13\httpclient-4.5.13.jar;C:\Users\jonh_\.m2\repository\org\apache\httpcomponents\httpcore\4.4.13\httpcore-4.4.13.jar;C:\Users\jonh_\.m2\repository\net\sourceforge\htmlunit\htmlunit-core-js\2.59.0\htmlunit-core-js-2.59.0.jar;C:\Users\jonh_\.m2\repository\net\sourceforge\htmlunit\neko-htmlunit\2.59.0\neko-htmlunit-2.59.0.jar;C:\Users\jonh_\.m2\repository\xerces\xercesImpl\2.12.2\xercesImpl-2.12.2.jar;C:\Users\jonh_\.m2\repository\xml-apis\xml-apis\1.4.01\xml-apis-1.4.01.jar;C:\Users\jonh_\.m2\repository\net\sourceforge\htmlunit\htmlunit-cssparser\1.11.0\htmlunit-cssparser-1.11.0.jar;C:\Users\jonh_\.m2\repository\org\apache\commons\commons-lang3\3.12.0\commons-lang3-3.12.0.jar;C:\Users\jonh_\.m2\repository\org\apache\commons\commons-text\1.9\commons-text-1.9.jar;C:\Users\jonh_\.m2\repository\commons-io\commons-io\2.10.0\commons-io-2.10.0.jar;C:\Users\jonh_\.m2\repository\commons-logging\commons-logging\1.2\commons-logging-1.2.jar;C:\Users\jonh_\.m2\repository\commons-net\commons-net\3.8.0\commons-net-3.8.0.jar;C:\Users\jonh_\.m2\repository\commons-codec\commons-codec\1.15\commons-codec-1.15.jar;C:\Users\jonh_\.m2\repository\org\brotli\dec\0.1.2\dec-0.1.2.jar;C:\Users\jonh_\.m2\repository\com\shapesecurity\salvation2\3.0.0\salvation2-3.0.0.jar;C:\Users\jonh_\.m2\repository\org\eclipse\jetty\websocket\websocket-client\9.4.45.v20220203\websocket-client-9.4.45.v20220203.jar;C:\Users\jonh_\.m2\repository\org\eclipse\jetty\jetty-client\9.4.45.v20220203\jetty-client-9.4.45.v20220203.jar;C:\Users\jonh_\.m2\repository\org\eclipse\jetty\jetty-http\9.4.45.v20220203\jetty-http-9.4.45.v20220203.jar;C:\Users\jonh_\.m2\repository\org\eclipse\jetty\jetty-util\9.4.45.v20220203\jetty-util-9.4.45.v20220203.jar;C:\Users\jonh_\.m2\repository\org\eclipse\jetty\jetty-io\9.4.45.v20220203\jetty-io-9.4.45.v20220203.jar;C:\Users\jonh_\.m2\repository\org\eclipse\jetty\websocket\websocket-common\9.4.45.v20220203\websocket-common-9.4.45.v20220203.jar;C:\Users\jonh_\.m2\repository\org\eclipse\jetty\websocket\websocket-api\9.4.45.v20220203\websocket-api-9.4.45.v20220203.jar;C:\Users\jonh_\.m2\repository\junit\junit\4.11\junit-4.11.jar;C:\Users\jonh_\.m2\repository\org\hamcrest\hamcrest-core\1.3\hamcrest-core-1.3.jar;"/>
    <property name="sun.cpu.endian" value="little"/>
    <property name="user.home" value="C:\Users\jonh_"/>
    <property name="user.language" value="pt"/>
    <property name="java.specification.vendor" value="Oracle Corporation"/>
    <property name="java.version.date" value="2022-01-18"/>
    <property name="java.home" value="C:\Program Files\Java\jdk-17.0.2"/>
    <property name="file.separator" value="\"/>
    <property name="basedir" value="C:\Users\jonh_\code\FinchTest\RPA-by-Java"/>
    <property name="java.vm.compressedOopsMode" value="Zero based"/>
    <property name="line.separator" value="&#10;"/>
    <property name="java.vm.specification.vendor" value="Oracle Corporation"/>
    <property name="java.specification.name" value="Java Platform API Specification"/>
    <property name="surefire.real.class.path" value="C:\Users\jonh_\AppData\Local\Temp\surefire3717905596601667965\surefirebooter8018342712942944411.jar"/>
    <property name="user.script" value=""/>
    <property name="sun.management.compiler" value="HotSpot 64-Bit Tiered Compilers"/>
    <property name="java.runtime.version" value="17.0.2+8-LTS-86"/>
    <property name="user.name" value="jonh_"/>
    <property name="path.separator" value=";"/>
    <property name="os.version" value="10.0"/>
    <property name="java.runtime.name" value="Java(TM) SE Runtime Environment"/>
    <property name="file.encoding" value="Cp1252"/>
    <property name="java.vm.name" value="Java HotSpot(TM) 64-Bit Server VM"/>
    <property name="localRepository" value="C:\Users\jonh_\.m2\repository"/>
    <property name="java.vendor.url.bug" value="https://bugreport.java.com/bugreport/"/>
    <property name="java.io.tmpdir" value="C:\Users\jonh_\AppData\Local\Temp\"/>
    <property name="idea.version" value="2021.3.2"/>
    <property name="java.version" value="17.0.2"/>
    <property name="user.dir" value="C:\Users\jonh_\code\FinchTest\RPA-by-Java"/>
    <property name="os.arch" value="amd64"/>
    <property name="java.vm.specification.name" value="Java Virtual Machine Specification"/>
    <property name="sun.os.patch.level" value=""/>
    <property name="native.encoding" value="Cp1252"/>
    <property name="java.library.path" value="C:\Program Files\Java\jdk-17.0.2\bin;C:\WINDOWS\Sun\Java\bin;C:\WINDOWS\system32;C:\WINDOWS;C:\Program Files\Common Files\Oracle\Java\javapath;C:\Program Files\Oculus\Support\oculus-runtime;C:\Program Files (x86)\NVIDIA Corporation\PhysX\Common;C:\Python39\Scripts\;C:\Python39\;C:\Windows\system32;C:\Windows;C:\Windows\System32\Wbem;C:\Windows\System32\WindowsPowerShell\v1.0\;C:\Windows\System32\OpenSSH\;C:\Program Files\nodejs\;C:\ProgramData\chocolatey\bin;C:\Program Files\Amazon\AWSCLIV2\;C:\Program Files\PowerShell\7\;C:\Program Files\dotnet\;C:\Users\jonh_\AppData\Local\Microsoft\WindowsApps;C:\Users\jonh_\AppData\Local\Programs\Microsoft VS Code\bin;C:\Users\jonh_\AppData\Roaming\npm;C:\Users\jonh_\.dotnet\tools;C:\adb;C:\Program Files\CMake\bin;C:\RRPG\SDK3;D:\Programs\BaseX\bin;C:\Program Files\Docker\Docker\resources\bin;C:\ProgramData\DockerDesktop\version-bin;C:\Program Files\Microsoft VS Code\bin;C:\WINDOWS\system32;C:\WINDOWS;C:\WINDOWS\System32\Wbem;C:\WINDOWS\System32\WindowsPowerShell\v1.0\;C:\WINDOWS\System32\OpenSSH\;C:\Program Files\Git\cmd;C:\Program Files (x86)\apache-maven-3.8.5\bin;C:\Users\jonh_\AppData\Local\Microsoft\WindowsApps;C:\Users\jonh_\AppData\Roaming\npm;C:\Users\jonh_\.dotnet\tools;C:\Users\jonh_\AppData\Local\GitHubDesktop\bin;;C:\Program Files\JetBrains\IntelliJ IDEA 2021.3.2\bin;;."/>
    <property name="java.vm.info" value="mixed mode, sharing"/>
    <property name="java.vendor" value="Oracle Corporation"/>
    <property name="java.vm.version" value="17.0.2+8-LTS-86"/>
    <property name="sun.io.unicode.encoding" value="UnicodeLittle"/>
    <property name="java.class.version" value="61.0"/>
  </properties>
  <testcase name="shouldAnswerWithTrue" classname="com.maxjonata.AppTest" time="0.001"/>
</testsuite>